[debug] [2025-08-21T12:20:30.858Z] ----------------------------------------------------------------------
[debug] [2025-08-21T12:20:30.870Z] Command:       /usr/local/bin/node /usr/local/bin/firebase init functions
[debug] [2025-08-21T12:20:30.871Z] CLI Version:   14.13.0
[debug] [2025-08-21T12:20:30.871Z] Platform:      darwin
[debug] [2025-08-21T12:20:30.871Z] Node Version:  v20.18.0
[debug] [2025-08-21T12:20:30.871Z] Time:          Thu Aug 21 2025 17:50:30 GMT+0530 (India Standard Time)
[debug] [2025-08-21T12:20:30.871Z] ----------------------------------------------------------------------
[debug] 
[debug] [2025-08-21T12:20:30.957Z] > command requires scopes: ["email","openid","https://www.googleapis.com/auth/cloudplatformprojects.readonly","https://www.googleapis.com/auth/firebase","https://www.googleapis.com/auth/cloud-platform"]
[debug] [2025-08-21T12:20:30.957Z] > authorizing via signed-in user (hevinchristy@gmail.com)
[info] 
     ######## #### ########  ######## ########     ###     ######  ########
     ##        ##  ##     ## ##       ##     ##  ##   ##  ##       ##
     ######    ##  ########  ######   ########  #########  ######  ######
     ##        ##  ##    ##  ##       ##     ## ##     ##       ## ##
     ##       #### ##     ## ######## ########  ##     ##  ######  ########

You're about to initialize a Firebase project in this directory:

  /Users/hevincj

Before we get started, keep in mind:

  * You are initializing within an existing Firebase project directory

[info] 
=== Project Setup
[info] 
[info] First, let's associate this project directory with a Firebase project.
[info] You can create multiple project aliases by running firebase use --add, 
[info] but for now we'll just set up a default project.
[info] 
[debug] [2025-08-21T12:20:35.901Z] Checked if tokens are valid: true, expires at: 1755782175216
[debug] [2025-08-21T12:20:35.902Z] Checked if tokens are valid: true, expires at: 1755782175216
[debug] [2025-08-21T12:20:35.905Z] >>> [apiv2][query] GET https://firebase.googleapis.com/v1beta1/projects pageSize=100
[debug] [2025-08-21T12:20:36.824Z] <<< [apiv2][status] GET https://firebase.googleapis.com/v1beta1/projects 200
[debug] [2025-08-21T12:20:36.824Z] <<< [apiv2][body] GET https://firebase.googleapis.com/v1beta1/projects [omitted]
[info] i  Using project expensetracker-e5b82 (ExpenseTracker) 
[info] 
=== Functions Setup
[debug] [2025-08-21T12:20:42.886Z] > command requires scopes: ["email","openid","https://www.googleapis.com/auth/cloudplatformprojects.readonly","https://www.googleapis.com/auth/firebase","https://www.googleapis.com/auth/cloud-platform"]
[debug] [2025-08-21T12:20:42.887Z] > authorizing via signed-in user (hevinchristy@gmail.com)
[debug] [2025-08-21T12:20:42.887Z] [iam] checking project expensetracker-e5b82 for permissions ["firebase.projects.get"]
[debug] [2025-08-21T12:20:42.887Z] Checked if tokens are valid: true, expires at: 1755782175216
[debug] [2025-08-21T12:20:42.887Z] Checked if tokens are valid: true, expires at: 1755782175216
[debug] [2025-08-21T12:20:42.888Z] >>> [apiv2][query] POST https://cloudresourcemanager.googleapis.com/v1/projects/expensetracker-e5b82:testIamPermissions [none]
[debug] [2025-08-21T12:20:42.888Z] >>> [apiv2][(partial)header] POST https://cloudresourcemanager.googleapis.com/v1/projects/expensetracker-e5b82:testIamPermissions x-goog-quota-user=projects/expensetracker-e5b82
[debug] [2025-08-21T12:20:42.888Z] >>> [apiv2][body] POST https://cloudresourcemanager.googleapis.com/v1/projects/expensetracker-e5b82:testIamPermissions {"permissions":["firebase.projects.get"]}
[debug] [2025-08-21T12:20:44.243Z] <<< [apiv2][status] POST https://cloudresourcemanager.googleapis.com/v1/projects/expensetracker-e5b82:testIamPermissions 200
[debug] [2025-08-21T12:20:44.243Z] <<< [apiv2][body] POST https://cloudresourcemanager.googleapis.com/v1/projects/expensetracker-e5b82:testIamPermissions {"permissions":["firebase.projects.get"]}
[debug] [2025-08-21T12:20:44.245Z] Checked if tokens are valid: true, expires at: 1755782175216
[debug] [2025-08-21T12:20:44.245Z] Checked if tokens are valid: true, expires at: 1755782175216
[debug] [2025-08-21T12:20:44.245Z] Checked if tokens are valid: true, expires at: 1755782175216
[debug] [2025-08-21T12:20:44.245Z] Checked if tokens are valid: true, expires at: 1755782175216
[debug] [2025-08-21T12:20:44.245Z] >>> [apiv2][query] GET https://serviceusage.googleapis.com/v1/projects/expensetracker-e5b82/services/cloudfunctions.googleapis.com [none]
[debug] [2025-08-21T12:20:44.245Z] >>> [apiv2][(partial)header] GET https://serviceusage.googleapis.com/v1/projects/expensetracker-e5b82/services/cloudfunctions.googleapis.com x-goog-quota-user=projects/expensetracker-e5b82
[debug] [2025-08-21T12:20:44.247Z] >>> [apiv2][query] GET https://serviceusage.googleapis.com/v1/projects/expensetracker-e5b82/services/runtimeconfig.googleapis.com [none]
[debug] [2025-08-21T12:20:44.248Z] >>> [apiv2][(partial)header] GET https://serviceusage.googleapis.com/v1/projects/expensetracker-e5b82/services/runtimeconfig.googleapis.com x-goog-quota-user=projects/expensetracker-e5b82
[debug] [2025-08-21T12:20:46.034Z] <<< [apiv2][status] GET https://serviceusage.googleapis.com/v1/projects/expensetracker-e5b82/services/cloudfunctions.googleapis.com 200
[debug] [2025-08-21T12:20:46.034Z] <<< [apiv2][body] GET https://serviceusage.googleapis.com/v1/projects/expensetracker-e5b82/services/cloudfunctions.googleapis.com [omitted]
[debug] [2025-08-21T12:20:46.035Z] Checked if tokens are valid: true, expires at: 1755782175216
[debug] [2025-08-21T12:20:46.035Z] Checked if tokens are valid: true, expires at: 1755782175216
[debug] [2025-08-21T12:20:46.035Z] >>> [apiv2][query] POST https://serviceusage.googleapis.com/v1/projects/expensetracker-e5b82/services/cloudfunctions.googleapis.com:enable [none]
[debug] [2025-08-21T12:20:46.035Z] >>> [apiv2][(partial)header] POST https://serviceusage.googleapis.com/v1/projects/expensetracker-e5b82/services/cloudfunctions.googleapis.com:enable x-goog-quota-user=projects/expensetracker-e5b82
[debug] [2025-08-21T12:20:46.037Z] <<< [apiv2][status] GET https://serviceusage.googleapis.com/v1/projects/expensetracker-e5b82/services/runtimeconfig.googleapis.com 200
[debug] [2025-08-21T12:20:46.037Z] <<< [apiv2][body] GET https://serviceusage.googleapis.com/v1/projects/expensetracker-e5b82/services/runtimeconfig.googleapis.com [omitted]
[debug] [2025-08-21T12:20:46.644Z] <<< [apiv2][status] POST https://serviceusage.googleapis.com/v1/projects/expensetracker-e5b82/services/cloudfunctions.googleapis.com:enable 200
[debug] [2025-08-21T12:20:46.644Z] <<< [apiv2][body] POST https://serviceusage.googleapis.com/v1/projects/expensetracker-e5b82/services/cloudfunctions.googleapis.com:enable [omitted]
[debug] [2025-08-21T12:21:03.624Z] ----------------------------------------------------------------------
[debug] [2025-08-21T12:21:03.625Z] Command:       /usr/local/bin/node /usr/local/bin/firebase init functions
[debug] [2025-08-21T12:21:03.625Z] CLI Version:   14.13.0
[debug] [2025-08-21T12:21:03.625Z] Platform:      darwin
[debug] [2025-08-21T12:21:03.625Z] Node Version:  v20.18.0
[debug] [2025-08-21T12:21:03.625Z] Time:          Thu Aug 21 2025 17:51:03 GMT+0530 (India Standard Time)
[debug] [2025-08-21T12:21:03.625Z] ----------------------------------------------------------------------
[debug] 
[debug] [2025-08-21T12:21:03.699Z] > command requires scopes: ["email","openid","https://www.googleapis.com/auth/cloudplatformprojects.readonly","https://www.googleapis.com/auth/firebase","https://www.googleapis.com/auth/cloud-platform"]
[debug] [2025-08-21T12:21:03.699Z] > authorizing via signed-in user (hevinchristy@gmail.com)
[info] 
     ######## #### ########  ######## ########     ###     ######  ########
     ##        ##  ##     ## ##       ##     ##  ##   ##  ##       ##
     ######    ##  ########  ######   ########  #########  ######  ######
     ##        ##  ##    ##  ##       ##     ## ##     ##       ## ##
     ##       #### ##     ## ######## ########  ##     ##  ######  ########

You're about to initialize a Firebase project in this directory:

  /Users/hevincj

Before we get started, keep in mind:

  * You are initializing within an existing Firebase project directory

[info] 
=== Project Setup
[info] 
[info] First, let's associate this project directory with a Firebase project.
[info] You can create multiple project aliases by running firebase use --add, 
[info] but for now we'll just set up a default project.
[info] 
[debug] [2025-08-21T12:21:03.700Z] Using project from CLI flag: expensetracker-e5b82
[debug] [2025-08-21T12:21:03.701Z] Checked if tokens are valid: true, expires at: 1755782175216
[debug] [2025-08-21T12:21:03.701Z] Checked if tokens are valid: true, expires at: 1755782175216
[debug] [2025-08-21T12:21:03.701Z] >>> [apiv2][query] GET https://firebase.googleapis.com/v1beta1/projects/expensetracker-e5b82 [none]
[debug] [2025-08-21T12:21:04.159Z] <<< [apiv2][status] GET https://firebase.googleapis.com/v1beta1/projects/expensetracker-e5b82 200
[debug] [2025-08-21T12:21:04.159Z] <<< [apiv2][body] GET https://firebase.googleapis.com/v1beta1/projects/expensetracker-e5b82 {"projectId":"expensetracker-e5b82","projectNumber":"970978134359","displayName":"ExpenseTracker","name":"projects/expensetracker-e5b82","resources":{"hostingSite":"expensetracker-e5b82","realtimeDatabaseInstance":"expensetracker-e5b82-default-rtdb"},"state":"ACTIVE","etag":"1_37b74dc4-820f-4fb3-95d5-eab5c9a60d03"}
[info] i  Using project expensetracker-e5b82 (ExpenseTracker) 
[info] 
=== Functions Setup
[debug] [2025-08-21T12:21:04.166Z] > command requires scopes: ["email","openid","https://www.googleapis.com/auth/cloudplatformprojects.readonly","https://www.googleapis.com/auth/firebase","https://www.googleapis.com/auth/cloud-platform"]
[debug] [2025-08-21T12:21:04.166Z] > authorizing via signed-in user (hevinchristy@gmail.com)
[debug] [2025-08-21T12:21:04.166Z] [iam] checking project expensetracker-e5b82 for permissions ["firebase.projects.get"]
[debug] [2025-08-21T12:21:04.167Z] Checked if tokens are valid: true, expires at: 1755782175216
[debug] [2025-08-21T12:21:04.167Z] Checked if tokens are valid: true, expires at: 1755782175216
[debug] [2025-08-21T12:21:04.167Z] >>> [apiv2][query] POST https://cloudresourcemanager.googleapis.com/v1/projects/expensetracker-e5b82:testIamPermissions [none]
[debug] [2025-08-21T12:21:04.167Z] >>> [apiv2][(partial)header] POST https://cloudresourcemanager.googleapis.com/v1/projects/expensetracker-e5b82:testIamPermissions x-goog-quota-user=projects/expensetracker-e5b82
[debug] [2025-08-21T12:21:04.167Z] >>> [apiv2][body] POST https://cloudresourcemanager.googleapis.com/v1/projects/expensetracker-e5b82:testIamPermissions {"permissions":["firebase.projects.get"]}
[debug] [2025-08-21T12:21:05.466Z] <<< [apiv2][status] POST https://cloudresourcemanager.googleapis.com/v1/projects/expensetracker-e5b82:testIamPermissions 200
[debug] [2025-08-21T12:21:05.466Z] <<< [apiv2][body] POST https://cloudresourcemanager.googleapis.com/v1/projects/expensetracker-e5b82:testIamPermissions {"permissions":["firebase.projects.get"]}
[info] 
Detected existing codebase(s): default

[debug] [2025-08-21T12:21:57.838Z] ExitPromptError: User force closed the prompt with SIGINT
    at Interface.sigint (/usr/local/lib/node_modules/firebase-tools/node_modules/@inquirer/core/dist/commonjs/lib/create-prompt.js:101:37)
    at Interface.emit (node:events:519:28)
    at Interface.emit (node:domain:488:12)
    at [_ttyWrite] [as _ttyWrite] (node:internal/readline/interface:1126:18)
    at ReadStream.onkeypress (node:internal/readline/interface:265:20)
    at ReadStream.emit (node:events:531:35)
    at ReadStream.emit (node:domain:488:12)
    at emitKeys (node:internal/readline/utils:371:14)
    at emitKeys.next (<anonymous>)
    at ReadStream.onData (node:internal/readline/emitKeypressEvents:64:36)
[error] 
[error] Error: An unexpected error has occurred.
[debug] [2025-08-21T12:22:03.698Z] ----------------------------------------------------------------------
[debug] [2025-08-21T12:22:03.699Z] Command:       /usr/local/bin/node /usr/local/bin/firebase init functions
[debug] [2025-08-21T12:22:03.699Z] CLI Version:   14.13.0
[debug] [2025-08-21T12:22:03.700Z] Platform:      darwin
[debug] [2025-08-21T12:22:03.700Z] Node Version:  v20.18.0
[debug] [2025-08-21T12:22:03.700Z] Time:          Thu Aug 21 2025 17:52:03 GMT+0530 (India Standard Time)
[debug] [2025-08-21T12:22:03.700Z] ----------------------------------------------------------------------
[debug] 
[debug] [2025-08-21T12:22:03.776Z] > command requires scopes: ["email","openid","https://www.googleapis.com/auth/cloudplatformprojects.readonly","https://www.googleapis.com/auth/firebase","https://www.googleapis.com/auth/cloud-platform"]
[debug] [2025-08-21T12:22:03.776Z] > authorizing via signed-in user (hevinchristy@gmail.com)
[info] 
     ######## #### ########  ######## ########     ###     ######  ########
     ##        ##  ##     ## ##       ##     ##  ##   ##  ##       ##
     ######    ##  ########  ######   ########  #########  ######  ######
     ##        ##  ##    ##  ##       ##     ## ##     ##       ## ##
     ##       #### ##     ## ######## ########  ##     ##  ######  ########

You're about to initialize a Firebase project in this directory:

  /Users/hevincj

Before we get started, keep in mind:

  * You are initializing within an existing Firebase project directory

[info] 
=== Project Setup
[info] 
[info] First, let's associate this project directory with a Firebase project.
[info] You can create multiple project aliases by running firebase use --add, 
[info] but for now we'll just set up a default project.
[info] 
[debug] [2025-08-21T12:22:03.778Z] Using project from CLI flag: expensetracker-e5b82
[debug] [2025-08-21T12:22:03.778Z] Checked if tokens are valid: true, expires at: 1755782175216
[debug] [2025-08-21T12:22:03.778Z] Checked if tokens are valid: true, expires at: 1755782175216
[debug] [2025-08-21T12:22:03.779Z] >>> [apiv2][query] GET https://firebase.googleapis.com/v1beta1/projects/expensetracker-e5b82 [none]
[debug] [2025-08-21T12:22:04.272Z] <<< [apiv2][status] GET https://firebase.googleapis.com/v1beta1/projects/expensetracker-e5b82 200
[debug] [2025-08-21T12:22:04.272Z] <<< [apiv2][body] GET https://firebase.googleapis.com/v1beta1/projects/expensetracker-e5b82 {"projectId":"expensetracker-e5b82","projectNumber":"970978134359","displayName":"ExpenseTracker","name":"projects/expensetracker-e5b82","resources":{"hostingSite":"expensetracker-e5b82","realtimeDatabaseInstance":"expensetracker-e5b82-default-rtdb"},"state":"ACTIVE","etag":"1_37b74dc4-820f-4fb3-95d5-eab5c9a60d03"}
[info] i  Using project expensetracker-e5b82 (ExpenseTracker) 
[info] 
=== Functions Setup
[debug] [2025-08-21T12:22:04.280Z] > command requires scopes: ["email","openid","https://www.googleapis.com/auth/cloudplatformprojects.readonly","https://www.googleapis.com/auth/firebase","https://www.googleapis.com/auth/cloud-platform"]
[debug] [2025-08-21T12:22:04.280Z] > authorizing via signed-in user (hevinchristy@gmail.com)
[debug] [2025-08-21T12:22:04.280Z] [iam] checking project expensetracker-e5b82 for permissions ["firebase.projects.get"]
[debug] [2025-08-21T12:22:04.280Z] Checked if tokens are valid: true, expires at: 1755782175216
[debug] [2025-08-21T12:22:04.280Z] Checked if tokens are valid: true, expires at: 1755782175216
[debug] [2025-08-21T12:22:04.280Z] >>> [apiv2][query] POST https://cloudresourcemanager.googleapis.com/v1/projects/expensetracker-e5b82:testIamPermissions [none]
[debug] [2025-08-21T12:22:04.280Z] >>> [apiv2][(partial)header] POST https://cloudresourcemanager.googleapis.com/v1/projects/expensetracker-e5b82:testIamPermissions x-goog-quota-user=projects/expensetracker-e5b82
[debug] [2025-08-21T12:22:04.280Z] >>> [apiv2][body] POST https://cloudresourcemanager.googleapis.com/v1/projects/expensetracker-e5b82:testIamPermissions {"permissions":["firebase.projects.get"]}
[debug] [2025-08-21T12:22:05.594Z] <<< [apiv2][status] POST https://cloudresourcemanager.googleapis.com/v1/projects/expensetracker-e5b82:testIamPermissions 200
[debug] [2025-08-21T12:22:05.594Z] <<< [apiv2][body] POST https://cloudresourcemanager.googleapis.com/v1/projects/expensetracker-e5b82:testIamPermissions {"permissions":["firebase.projects.get"]}
[info] 
Detected existing codebase(s): default

[debug] [2025-08-21T12:22:31.767Z] ExitPromptError: User force closed the prompt with SIGINT
    at Interface.sigint (/usr/local/lib/node_modules/firebase-tools/node_modules/@inquirer/core/dist/commonjs/lib/create-prompt.js:101:37)
    at Interface.emit (node:events:519:28)
    at Interface.emit (node:domain:488:12)
    at [_ttyWrite] [as _ttyWrite] (node:internal/readline/interface:1126:18)
    at ReadStream.onkeypress (node:internal/readline/interface:265:20)
    at ReadStream.emit (node:events:531:35)
    at ReadStream.emit (node:domain:488:12)
    at emitKeys (node:internal/readline/utils:371:14)
    at emitKeys.next (<anonymous>)
    at ReadStream.onData (node:internal/readline/emitKeypressEvents:64:36)
[error] 
[error] Error: An unexpected error has occurred.
[debug] [2025-08-21T12:22:45.142Z] ----------------------------------------------------------------------
[debug] [2025-08-21T12:22:45.143Z] Command:       /usr/local/bin/node /usr/local/bin/firebase init functions
[debug] [2025-08-21T12:22:45.144Z] CLI Version:   14.13.0
[debug] [2025-08-21T12:22:45.144Z] Platform:      darwin
[debug] [2025-08-21T12:22:45.144Z] Node Version:  v20.18.0
[debug] [2025-08-21T12:22:45.144Z] Time:          Thu Aug 21 2025 17:52:45 GMT+0530 (India Standard Time)
[debug] [2025-08-21T12:22:45.144Z] ----------------------------------------------------------------------
[debug] 
[debug] [2025-08-21T12:22:45.147Z] > command requires scopes: ["email","openid","https://www.googleapis.com/auth/cloudplatformprojects.readonly","https://www.googleapis.com/auth/firebase","https://www.googleapis.com/auth/cloud-platform"]
[debug] [2025-08-21T12:22:45.147Z] > authorizing via signed-in user (hevinchristy@gmail.com)
[info] 
     ######## #### ########  ######## ########     ###     ######  ########
     ##        ##  ##     ## ##       ##     ##  ##   ##  ##       ##
     ######    ##  ########  ######   ########  #########  ######  ######
     ##        ##  ##    ##  ##       ##     ## ##     ##       ## ##
     ##       #### ##     ## ######## ########  ##     ##  ######  ########

You're about to initialize a Firebase project in this directory:

  /Users/hevincj/AndroidStudioProjects/GrocerlyPartners

[info] 
=== Project Setup
[info] 
[info] First, let's associate this project directory with a Firebase project.
[info] You can create multiple project aliases by running firebase use --add, 
[info] but for now we'll just set up a default project.
[info] 
[debug] [2025-08-21T12:22:49.058Z] Checked if tokens are valid: true, expires at: 1755782175216
[debug] [2025-08-21T12:22:49.059Z] Checked if tokens are valid: true, expires at: 1755782175216
[debug] [2025-08-21T12:22:49.061Z] >>> [apiv2][query] GET https://firebase.googleapis.com/v1beta1/projects pageSize=100
[debug] [2025-08-21T12:22:50.043Z] <<< [apiv2][status] GET https://firebase.googleapis.com/v1beta1/projects 200
[debug] [2025-08-21T12:22:50.043Z] <<< [apiv2][body] GET https://firebase.googleapis.com/v1beta1/projects [omitted]
[debug] [2025-08-21T12:23:23.768Z] ExitPromptError: User force closed the prompt with SIGINT
    at Interface.sigint (/usr/local/lib/node_modules/firebase-tools/node_modules/@inquirer/core/dist/commonjs/lib/create-prompt.js:101:37)
    at Interface.emit (node:events:519:28)
    at Interface.emit (node:domain:488:12)
    at [_ttyWrite] [as _ttyWrite] (node:internal/readline/interface:1126:18)
    at ReadStream.onkeypress (node:internal/readline/interface:265:20)
    at ReadStream.emit (node:events:531:35)
    at ReadStream.emit (node:domain:488:12)
    at emitKeys (node:internal/readline/utils:371:14)
    at emitKeys.next (<anonymous>)
    at ReadStream.onData (node:internal/readline/emitKeypressEvents:64:36)
[error] 
[error] Error: An unexpected error has occurred.
